2023.06.24 20:57:27 INFO  Started: Metals version 0.11.12+139-bc1e7dad-SNAPSHOT in folders 'C:\Users\franc\restauranteproject' for client Visual Studio Code 1.79.2.
jun 24, 2023 8:57:27 PM org.flywaydb.core.internal.license.VersionPrinter printVersionOnly
INFORMA합ES: Flyway Community Edition 9.20.0 by Redgate
jun 24, 2023 8:57:27 PM org.flywaydb.core.internal.license.VersionPrinter printVersion
INFORMA합ES: See release notes here: https://rd.gt/416ObMi
jun 24, 2023 8:57:27 PM org.flywaydb.core.internal.license.VersionPrinter printVersion
INFORMA합ES: 
jun 24, 2023 8:57:28 PM org.flywaydb.core.internal.database.base.BaseDatabaseType createDatabase
INFORMA합ES: Database: jdbc:h2:file:C:\Users\franc\restauranteproject\.metals\metals (H2 2.1)
jun 24, 2023 8:57:29 PM org.flywaydb.core.internal.schemahistory.JdbcTableSchemaHistory allAppliedMigrations
INFORMA합ES: Schema history table "PUBLIC"."flyway_schema_history" does not exist yet
jun 24, 2023 8:57:29 PM org.flywaydb.core.internal.command.DbValidate validate
INFORMA합ES: Successfully validated 4 migrations (execution time 00:00.025s)
jun 24, 2023 8:57:29 PM org.flywaydb.core.internal.schemahistory.JdbcTableSchemaHistory create
INFORMA합ES: Creating Schema History table "PUBLIC"."flyway_schema_history" ...
jun 24, 2023 8:57:29 PM org.flywaydb.core.internal.command.DbMigrate migrateGroup
INFORMA합ES: Current version of schema "PUBLIC": << Empty Schema >>
jun 24, 2023 8:57:29 PM org.flywaydb.core.internal.command.DbMigrate doMigrateGroup
INFORMA합ES: Migrating schema "PUBLIC" to version "1 - Create tables"
jun 24, 2023 8:57:29 PM org.flywaydb.core.internal.command.DbMigrate doMigrateGroup
INFORMA합ES: Migrating schema "PUBLIC" to version "2 - Server discovery"
jun 24, 2023 8:57:29 PM org.flywaydb.core.internal.command.DbMigrate doMigrateGroup
INFORMA합ES: Migrating schema "PUBLIC" to version "3 - Jar symbols"
jun 24, 2023 8:57:29 PM org.flywaydb.core.internal.command.DbMigrate doMigrateGroup
INFORMA합ES: Migrating schema "PUBLIC" to version "4 - Fingerprints"
jun 24, 2023 8:57:29 PM org.flywaydb.core.internal.command.DbMigrate logSummary
INFORMA합ES: Successfully applied 4 migrations to schema "PUBLIC", now at version v4 (execution time 00:00.023s)
2023.06.24 20:57:29 INFO  time: initialize in 1.7s
2023.06.24 20:57:29 WARN  Build server is not auto-connectable.
2023.06.24 20:57:29 WARN  no build tool detected in workspace 'C:\Users\franc\restauranteproject'. The most common cause for this problem is that the editor was opened in the wrong working directory, for example if you use sbt then the workspace directory should contain build.sbt. 
2023.06.24 20:57:29 WARN  no build target for: C:\Users\franc\restauranteproject\src\scala\Main.scala
2023.06.24 20:58:07 INFO  no build target found for C:\Users\franc\restauranteproject\src\scala\Main.scala. Using presentation compiler with project's scala-library version: 3.3.0
2023.06.24 20:58:11 INFO  time: code lens generation in 25s
2023.06.24 20:58:11 INFO  time: code lens generation in 41s
2023.06.24 20:59:02 INFO  Shutting down server
2023.06.24 20:59:02 INFO  shutting down Metals
2023.06.24 20:59:02 INFO  Exiting server
